app/build/intermediates/manifest_merge_blame_file/debug/processDebugMainManifest/manifest-merger-blame-debug-report.txt
1<?xml version="1.0" encoding="utf-8"?>
2<manifest xmlns:android="http://schemas.android.com/apk/res/android"
3    package="com.renuka.supermarket"
4    android:versionCode="4"
5    android:versionName="1.0" >
6
7    <uses-sdk
8        android:minSdkVersion="23"
9        android:targetSdkVersion="35" />
10
11    <uses-permission android:name="android.permission.INTERNET" />
11-->src/main/AndroidManifest.xml:2:1-62
11-->src/main/AndroidManifest.xml:2:18-60
12    <uses-permission android:name="android.permission.INTERNET" />
12-->src/main/AndroidManifest.xml:2:1-62
12-->src/main/AndroidManifest.xml:2:18-60
13
14    <application
14-->src/main/AndroidManifest.xml:4:1-7:26
15        android:allowBackup="false"
15-->src/main/AndroidManifest.xml:4:79-106
16        android:appComponentFactory="androidx.core.app.CoreComponentFactory"
16-->[androidx.core:core:1.1.0] AndroidManifest.xml:24:18-86
17        android:debuggable="true"
18        android:extractNativeLibs="false"
19        android:label="@string/app_name"
19-->src/main/AndroidManifest.xml:4:46-78
20        android:supportsRtl="true"
20-->src/main/AndroidManifest.xml:4:107-133
21        android:theme="@style/AppTheme" >
21-->src/main/AndroidManifest.xml:4:14-45
22        <activity
22-->src/main/AndroidManifest.xml:5:1-7:12
23            android:name="com.renuka.supermarket.MainActivity"
23-->src/main/AndroidManifest.xml:5:11-39
24            android:exported="true"
24-->src/main/AndroidManifest.xml:5:77-100
25            android:screenOrientation="portrait" >
25-->src/main/AndroidManifest.xml:5:40-76
26            <intent-filter>
26-->src/main/AndroidManifest.xml:6:1-142
27                <action android:name="android.intent.action.MAIN" />
27-->src/main/AndroidManifest.xml:6:16-67
27-->src/main/AndroidManifest.xml:6:24-65
28
29                <category android:name="android.intent.category.LAUNCHER" />
29-->src/main/AndroidManifest.xml:6:67-126
29-->src/main/AndroidManifest.xml:6:77-124
30            </intent-filter>
31        </activity>
32    </application>
33
34</manifest>